Ian 29, 2019 9:16:46 AM jade.core.Runtime beginContainer
INFO: ----------------------------------
    This is JADE 4.5.0 - revision 6825 of 23-05-2017 10:06:04
    downloaded in Open Source, under LGPL restrictions,
    at http://jade.tilab.com/
----------------------------------------
Ian 29, 2019 9:16:47 AM jade.core.AgentContainerImpl checkLocalHostAddress
WARNING: 
***************************************************************
JAVA is not able to detect the local host address.
If this container is part of a distributed platform, use the
-local-host option to explicitly specify it
***************************************************************

Ian 29, 2019 9:16:47 AM jade.imtp.leap.LEAPIMTPManager initialize
INFO: Listening for intra-platform commands on address:
- jicp://localhost:1099

Ian 29, 2019 9:16:47 AM jade.core.BaseService init
INFO: Service jade.core.management.AgentManagement initialized
Ian 29, 2019 9:16:47 AM jade.core.BaseService init
INFO: Service jade.core.messaging.Messaging initialized
Ian 29, 2019 9:16:47 AM jade.core.BaseService init
INFO: Service jade.core.resource.ResourceManagement initialized
Ian 29, 2019 9:16:47 AM jade.core.BaseService init
INFO: Service jade.core.mobility.AgentMobility initialized
Ian 29, 2019 9:16:47 AM jade.core.BaseService init
INFO: Service jade.core.event.Notification initialized
Ian 29, 2019 9:16:47 AM jade.mtp.http.HTTPServer <init>
INFO: HTTP-MTP Using XML parser com.sun.org.apache.xerces.internal.jaxp.SAXParserImpl$JAXPSAXParser
Ian 29, 2019 9:16:47 AM jade.core.messaging.MessagingService boot
INFO: MTP addresses:
http://HOMRA:7778/acc
Ian 29, 2019 9:16:47 AM jade.core.AgentContainerImpl joinPlatform
INFO: --------------------------------------
Agent container Main-Container@localhost is ready.
--------------------------------------------
Ian 29, 2019 9:16:47 AM mainPackage.ReceiverAgent writeLog
INFO: Agentul de tip destinatar:receiver@localhost:1099/JADE a fost lansat cu succes
Ian 29, 2019 9:16:47 AM mainPackage.SenderAgent writeLog
INFO: Agentul de tip emitator:sender@localhost:1099/JADE a fost lansat cu succes
Ian 29, 2019 9:17:48 AM behaviours.SendFileBehaviour action
INFO: Fisier trimis.
Ian 29, 2019 9:17:48 AM mainPackage.SenderAgent writeLog
INFO: Agentul sender@localhost:1099/JADEa trimis fisierul:studenti.xml catre agentul receiver@localhost:1099/JADE
Ian 29, 2019 9:17:48 AM mainPackage.ReceiverAgent writeLog
INFO: Agentul receiver@localhost:1099/JADE a primit fisierul cu denumirea studenti.xml de la agentul sender@localhost:1099/JADE
